[2021-08-26 22:54:03,960] INFO [Controller id=0 epoch=2] Sending UpdateMetadata request to brokers HashSet() for 0 partitions (state.change.logger)
[2021-08-26 22:54:13,498] INFO [Controller id=0 epoch=3] Sending UpdateMetadata request to brokers HashSet(0) for 0 partitions (state.change.logger)
[2021-08-26 22:54:13,596] INFO [Controller id=0 epoch=3] Sending LeaderAndIsr request to broker 0 with 62 become-leader and 0 become-follower partitions (state.change.logger)
[2021-08-26 22:54:13,599] INFO [Controller id=0 epoch=3] Sending UpdateMetadata request to brokers HashSet(0) for 62 partitions (state.change.logger)
[2021-08-26 22:54:13,757] INFO [Broker id=0] Handling LeaderAndIsr request correlationId 1 from controller 0 for 62 partitions (state.change.logger)
[2021-08-26 22:54:13,814] INFO [Broker id=0] Stopped fetchers as part of LeaderAndIsr request correlationId 1 from controller 0 epoch 3 as part of the become-leader transition for 62 partitions (state.change.logger)
[2021-08-26 22:54:13,829] INFO [Broker id=0] Leader __consumer_offsets-3 starts at leader epoch 0 from offset 0 with high watermark 0 ISR [0] addingReplicas [] removingReplicas []. Previous leader epoch was -1. (state.change.logger)
[2021-08-26 22:54:13,840] INFO [Broker id=0] Leader quickstart-events-0 starts at leader epoch 0 from offset 15 with high watermark 15 ISR [0] addingReplicas [] removingReplicas []. Previous leader epoch was -1. (state.change.logger)
[2021-08-26 22:54:13,841] INFO [Broker id=0] Leader __consumer_offsets-18 starts at leader epoch 0 from offset 0 with high watermark 0 ISR [0] addingReplicas [] removingReplicas []. Previous leader epoch was -1. (state.change.logger)
[2021-08-26 22:54:13,848] INFO [Broker id=0] Leader spanish-0 starts at leader epoch 0 from offset 0 with high watermark 0 ISR [0] addingReplicas [] removingReplicas []. Previous leader epoch was -1. (state.change.logger)
[2021-08-26 22:54:13,857] INFO [Broker id=0] Leader purchases-0 starts at leader epoch 0 from offset 3893 with high watermark 3893 ISR [0] addingReplicas [] removingReplicas []. Previous leader epoch was -1. (state.change.logger)
[2021-08-26 22:54:13,859] INFO [Broker id=0] Leader __consumer_offsets-41 starts at leader epoch 0 from offset 0 with high watermark 0 ISR [0] addingReplicas [] removingReplicas []. Previous leader epoch was -1. (state.change.logger)
[2021-08-26 22:54:13,868] INFO [Broker id=0] Leader __consumer_offsets-10 starts at leader epoch 0 from offset 0 with high watermark 0 ISR [0] addingReplicas [] removingReplicas []. Previous leader epoch was -1. (state.change.logger)
[2021-08-26 22:54:13,875] INFO [Broker id=0] Leader __consumer_offsets-33 starts at leader epoch 0 from offset 0 with high watermark 0 ISR [0] addingReplicas [] removingReplicas []. Previous leader epoch was -1. (state.change.logger)
[2021-08-26 22:54:13,882] INFO [Broker id=0] Leader __consumer_offsets-48 starts at leader epoch 0 from offset 0 with high watermark 0 ISR [0] addingReplicas [] removingReplicas []. Previous leader epoch was -1. (state.change.logger)
[2021-08-26 22:54:13,890] INFO [Broker id=0] Leader __consumer_offsets-19 starts at leader epoch 0 from offset 0 with high watermark 0 ISR [0] addingReplicas [] removingReplicas []. Previous leader epoch was -1. (state.change.logger)
[2021-08-26 22:54:13,897] INFO [Broker id=0] Leader __consumer_offsets-34 starts at leader epoch 0 from offset 0 with high watermark 0 ISR [0] addingReplicas [] removingReplicas []. Previous leader epoch was -1. (state.change.logger)
[2021-08-26 22:54:13,904] INFO [Broker id=0] Leader stocks-out-0 starts at leader epoch 0 from offset 0 with high watermark 0 ISR [0] addingReplicas [] removingReplicas []. Previous leader epoch was -1. (state.change.logger)
[2021-08-26 22:54:13,911] INFO [Broker id=0] Leader __consumer_offsets-4 starts at leader epoch 0 from offset 0 with high watermark 0 ISR [0] addingReplicas [] removingReplicas []. Previous leader epoch was -1. (state.change.logger)
[2021-08-26 22:54:13,918] INFO [Broker id=0] Leader __consumer_offsets-11 starts at leader epoch 0 from offset 0 with high watermark 0 ISR [0] addingReplicas [] removingReplicas []. Previous leader epoch was -1. (state.change.logger)
[2021-08-26 22:54:13,926] INFO [Broker id=0] Leader __consumer_offsets-26 starts at leader epoch 0 from offset 0 with high watermark 0 ISR [0] addingReplicas [] removingReplicas []. Previous leader epoch was -1. (state.change.logger)
[2021-08-26 22:54:13,933] INFO [Broker id=0] Leader __consumer_offsets-49 starts at leader epoch 0 from offset 0 with high watermark 0 ISR [0] addingReplicas [] removingReplicas []. Previous leader epoch was -1. (state.change.logger)
[2021-08-26 22:54:13,940] INFO [Broker id=0] Leader __consumer_offsets-39 starts at leader epoch 0 from offset 0 with high watermark 0 ISR [0] addingReplicas [] removingReplicas []. Previous leader epoch was -1. (state.change.logger)
[2021-08-26 22:54:13,952] INFO [Broker id=0] Leader __consumer_offsets-9 starts at leader epoch 0 from offset 0 with high watermark 0 ISR [0] addingReplicas [] removingReplicas []. Previous leader epoch was -1. (state.change.logger)
[2021-08-26 22:54:13,961] INFO [Broker id=0] Leader __consumer_offsets-24 starts at leader epoch 0 from offset 0 with high watermark 0 ISR [0] addingReplicas [] removingReplicas []. Previous leader epoch was -1. (state.change.logger)
[2021-08-26 22:54:13,968] INFO [Broker id=0] Leader __consumer_offsets-31 starts at leader epoch 0 from offset 0 with high watermark 0 ISR [0] addingReplicas [] removingReplicas []. Previous leader epoch was -1. (state.change.logger)
[2021-08-26 22:54:13,975] INFO [Broker id=0] Leader twitterData-0 starts at leader epoch 0 from offset 0 with high watermark 0 ISR [0] addingReplicas [] removingReplicas []. Previous leader epoch was -1. (state.change.logger)
[2021-08-26 22:54:13,982] INFO [Broker id=0] Leader __consumer_offsets-46 starts at leader epoch 0 from offset 0 with high watermark 0 ISR [0] addingReplicas [] removingReplicas []. Previous leader epoch was -1. (state.change.logger)
[2021-08-26 22:54:13,990] INFO [Broker id=0] Leader __consumer_offsets-1 starts at leader epoch 0 from offset 0 with high watermark 0 ISR [0] addingReplicas [] removingReplicas []. Previous leader epoch was -1. (state.change.logger)
[2021-08-26 22:54:13,997] INFO [Broker id=0] Leader __consumer_offsets-16 starts at leader epoch 0 from offset 0 with high watermark 0 ISR [0] addingReplicas [] removingReplicas []. Previous leader epoch was -1. (state.change.logger)
[2021-08-26 22:54:14,004] INFO [Broker id=0] Leader __consumer_offsets-2 starts at leader epoch 0 from offset 0 with high watermark 0 ISR [0] addingReplicas [] removingReplicas []. Previous leader epoch was -1. (state.change.logger)
[2021-08-26 22:54:14,011] INFO [Broker id=0] Leader transaction-summary-0 starts at leader epoch 0 from offset 0 with high watermark 0 ISR [0] addingReplicas [] removingReplicas []. Previous leader epoch was -1. (state.change.logger)
[2021-08-26 22:54:14,019] INFO [Broker id=0] Leader __consumer_offsets-25 starts at leader epoch 0 from offset 0 with high watermark 0 ISR [0] addingReplicas [] removingReplicas []. Previous leader epoch was -1. (state.change.logger)
[2021-08-26 22:54:14,026] INFO [Broker id=0] Leader __consumer_offsets-40 starts at leader epoch 0 from offset 0 with high watermark 0 ISR [0] addingReplicas [] removingReplicas []. Previous leader epoch was -1. (state.change.logger)
[2021-08-26 22:54:14,033] INFO [Broker id=0] Leader __consumer_offsets-47 starts at leader epoch 0 from offset 0 with high watermark 0 ISR [0] addingReplicas [] removingReplicas []. Previous leader epoch was -1. (state.change.logger)
[2021-08-26 22:54:14,039] INFO [Broker id=0] Leader french-0 starts at leader epoch 0 from offset 0 with high watermark 0 ISR [0] addingReplicas [] removingReplicas []. Previous leader epoch was -1. (state.change.logger)
[2021-08-26 22:54:14,046] INFO [Broker id=0] Leader __consumer_offsets-17 starts at leader epoch 0 from offset 0 with high watermark 0 ISR [0] addingReplicas [] removingReplicas []. Previous leader epoch was -1. (state.change.logger)
[2021-08-26 22:54:14,053] INFO [Broker id=0] Leader __consumer_offsets-32 starts at leader epoch 0 from offset 0 with high watermark 0 ISR [0] addingReplicas [] removingReplicas []. Previous leader epoch was -1. (state.change.logger)
[2021-08-26 22:54:14,060] INFO [Broker id=0] Leader __consumer_offsets-37 starts at leader epoch 0 from offset 3 with high watermark 3 ISR [0] addingReplicas [] removingReplicas []. Previous leader epoch was -1. (state.change.logger)
[2021-08-26 22:54:14,061] INFO [Broker id=0] Leader __consumer_offsets-7 starts at leader epoch 0 from offset 0 with high watermark 0 ISR [0] addingReplicas [] removingReplicas []. Previous leader epoch was -1. (state.change.logger)
[2021-08-26 22:54:14,067] INFO [Broker id=0] Leader __consumer_offsets-22 starts at leader epoch 0 from offset 0 with high watermark 0 ISR [0] addingReplicas [] removingReplicas []. Previous leader epoch was -1. (state.change.logger)
[2021-08-26 22:54:14,074] INFO [Broker id=0] Leader patterns-0 starts at leader epoch 0 from offset 3893 with high watermark 3893 ISR [0] addingReplicas [] removingReplicas []. Previous leader epoch was -1. (state.change.logger)
[2021-08-26 22:54:14,074] INFO [Broker id=0] Leader src-topic-0 starts at leader epoch 0 from offset 6976 with high watermark 6976 ISR [0] addingReplicas [] removingReplicas []. Previous leader epoch was -1. (state.change.logger)
[2021-08-26 22:54:14,075] INFO [Broker id=0] Leader __consumer_offsets-29 starts at leader epoch 0 from offset 0 with high watermark 0 ISR [0] addingReplicas [] removingReplicas []. Previous leader epoch was -1. (state.change.logger)
[2021-08-26 22:54:14,082] INFO [Broker id=0] Leader __consumer_offsets-44 starts at leader epoch 0 from offset 0 with high watermark 0 ISR [0] addingReplicas [] removingReplicas []. Previous leader epoch was -1. (state.change.logger)
[2021-08-26 22:54:14,088] INFO [Broker id=0] Leader __consumer_offsets-14 starts at leader epoch 0 from offset 0 with high watermark 0 ISR [0] addingReplicas [] removingReplicas []. Previous leader epoch was -1. (state.change.logger)
[2021-08-26 22:54:14,093] INFO [Broker id=0] Leader __consumer_offsets-23 starts at leader epoch 0 from offset 0 with high watermark 0 ISR [0] addingReplicas [] removingReplicas []. Previous leader epoch was -1. (state.change.logger)
[2021-08-26 22:54:14,097] INFO [Broker id=0] Leader __consumer_offsets-38 starts at leader epoch 0 from offset 0 with high watermark 0 ISR [0] addingReplicas [] removingReplicas []. Previous leader epoch was -1. (state.change.logger)
[2021-08-26 22:54:14,102] INFO [Broker id=0] Leader __consumer_offsets-8 starts at leader epoch 0 from offset 0 with high watermark 0 ISR [0] addingReplicas [] removingReplicas []. Previous leader epoch was -1. (state.change.logger)
[2021-08-26 22:54:14,107] INFO [Broker id=0] Leader rewards-0 starts at leader epoch 0 from offset 3893 with high watermark 3893 ISR [0] addingReplicas [] removingReplicas []. Previous leader epoch was -1. (state.change.logger)
[2021-08-26 22:54:14,107] INFO [Broker id=0] Leader __consumer_offsets-45 starts at leader epoch 0 from offset 0 with high watermark 0 ISR [0] addingReplicas [] removingReplicas []. Previous leader epoch was -1. (state.change.logger)
[2021-08-26 22:54:14,114] INFO [Broker id=0] Leader __consumer_offsets-15 starts at leader epoch 0 from offset 0 with high watermark 0 ISR [0] addingReplicas [] removingReplicas []. Previous leader epoch was -1. (state.change.logger)
[2021-08-26 22:54:14,119] INFO [Broker id=0] Leader __consumer_offsets-30 starts at leader epoch 0 from offset 0 with high watermark 0 ISR [0] addingReplicas [] removingReplicas []. Previous leader epoch was -1. (state.change.logger)
[2021-08-26 22:54:14,124] INFO [Broker id=0] Leader __consumer_offsets-0 starts at leader epoch 0 from offset 0 with high watermark 0 ISR [0] addingReplicas [] removingReplicas []. Previous leader epoch was -1. (state.change.logger)
[2021-08-26 22:54:14,130] INFO [Broker id=0] Leader __consumer_offsets-35 starts at leader epoch 0 from offset 0 with high watermark 0 ISR [0] addingReplicas [] removingReplicas []. Previous leader epoch was -1. (state.change.logger)
[2021-08-26 22:54:14,136] INFO [Broker id=0] Leader __consumer_offsets-5 starts at leader epoch 0 from offset 0 with high watermark 0 ISR [0] addingReplicas [] removingReplicas []. Previous leader epoch was -1. (state.change.logger)
[2021-08-26 22:54:14,142] INFO [Broker id=0] Leader __consumer_offsets-20 starts at leader epoch 0 from offset 3895 with high watermark 3895 ISR [0] addingReplicas [] removingReplicas []. Previous leader epoch was -1. (state.change.logger)
[2021-08-26 22:54:14,142] INFO [Broker id=0] Leader english-0 starts at leader epoch 0 from offset 0 with high watermark 0 ISR [0] addingReplicas [] removingReplicas []. Previous leader epoch was -1. (state.change.logger)
[2021-08-26 22:54:14,148] INFO [Broker id=0] Leader __consumer_offsets-27 starts at leader epoch 0 from offset 0 with high watermark 0 ISR [0] addingReplicas [] removingReplicas []. Previous leader epoch was -1. (state.change.logger)
[2021-08-26 22:54:14,151] INFO [Broker id=0] Leader __consumer_offsets-42 starts at leader epoch 0 from offset 0 with high watermark 0 ISR [0] addingReplicas [] removingReplicas []. Previous leader epoch was -1. (state.change.logger)
[2021-08-26 22:54:14,154] INFO [Broker id=0] Leader __consumer_offsets-12 starts at leader epoch 0 from offset 0 with high watermark 0 ISR [0] addingReplicas [] removingReplicas []. Previous leader epoch was -1. (state.change.logger)
[2021-08-26 22:54:14,156] INFO [Broker id=0] Leader stocks-0 starts at leader epoch 0 from offset 0 with high watermark 0 ISR [0] addingReplicas [] removingReplicas []. Previous leader epoch was -1. (state.change.logger)
[2021-08-26 22:54:14,164] INFO [Broker id=0] Leader __consumer_offsets-21 starts at leader epoch 0 from offset 0 with high watermark 0 ISR [0] addingReplicas [] removingReplicas []. Previous leader epoch was -1. (state.change.logger)
[2021-08-26 22:54:14,173] INFO [Broker id=0] Leader __consumer_offsets-36 starts at leader epoch 0 from offset 0 with high watermark 0 ISR [0] addingReplicas [] removingReplicas []. Previous leader epoch was -1. (state.change.logger)
[2021-08-26 22:54:14,180] INFO [Broker id=0] Leader __consumer_offsets-6 starts at leader epoch 0 from offset 0 with high watermark 0 ISR [0] addingReplicas [] removingReplicas []. Previous leader epoch was -1. (state.change.logger)
[2021-08-26 22:54:14,186] INFO [Broker id=0] Leader __consumer_offsets-43 starts at leader epoch 0 from offset 0 with high watermark 0 ISR [0] addingReplicas [] removingReplicas []. Previous leader epoch was -1. (state.change.logger)
[2021-08-26 22:54:14,192] INFO [Broker id=0] Leader __consumer_offsets-13 starts at leader epoch 0 from offset 0 with high watermark 0 ISR [0] addingReplicas [] removingReplicas []. Previous leader epoch was -1. (state.change.logger)
[2021-08-26 22:54:14,198] INFO [Broker id=0] Leader __consumer_offsets-28 starts at leader epoch 0 from offset 0 with high watermark 0 ISR [0] addingReplicas [] removingReplicas []. Previous leader epoch was -1. (state.change.logger)
[2021-08-26 22:54:14,243] INFO [Broker id=0] Finished LeaderAndIsr request in 485ms correlationId 1 from controller 0 for 62 partitions (state.change.logger)
[2021-08-26 22:54:14,264] INFO [Broker id=0] Add 62 partitions and deleted 0 partitions from metadata cache in response to UpdateMetadata request sent by controller 0 epoch 3 with correlation id 2 (state.change.logger)
